# JRE version: Java(TM) SE Runtime Environment 18.9 (11.0.22+9) (build 11.0.22+9-LTS-219)
# Java VM: Java HotSpot(TM) 64-Bit Server VM 18.9 (11.0.22+9-LTS-219, mixed mode, tiered, compressed oops, g1 gc, windows-amd64)
Heap:
 garbage-first heap   total 374784K, used 209756K [0x0000000703c00000, 0x0000000800000000)
  region size 1024K, 104 young (106496K), 2 survivors (2048K)
 Metaspace       used 45560K, capacity 46735K, committed 47100K, reserved 1091584K
  class space    used 4680K, capacity 5131K, committed 5248K, reserved 1048576K
GC Heap History (10 events):
Event: 14.296 GC heap before
{Heap before GC invocations=11 (full 0):
 garbage-first heap   total 312320K, used 201187K [0x0000000703c00000, 0x0000000800000000)
  region size 1024K, 127 young (130048K), 15 survivors (15360K)
 Metaspace       used 41578K, capacity 42780K, committed 43132K, reserved 1087488K
  class space    used 4364K, capacity 4765K, committed 4864K, reserved 1048576K
}
Event: 14.317 GC heap after
{Heap after GC invocations=12 (full 0):
 garbage-first heap   total 374784K, used 88117K [0x0000000703c00000, 0x0000000800000000)
  region size 1024K, 6 young (6144K), 6 survivors (6144K)
 Metaspace       used 41578K, capacity 42780K, committed 43132K, reserved 1087488K
  class space    used 4364K, capacity 4765K, committed 4864K, reserved 1048576K
}
Event: 16.648 GC heap before
{Heap before GC invocations=12 (full 0):
 garbage-first heap   total 374784K, used 232501K [0x0000000703c00000, 0x0000000800000000)
  region size 1024K, 147 young (150528K), 6 survivors (6144K)
 Metaspace       used 42627K, capacity 43886K, committed 44156K, reserved 1089536K
  class space    used 4389K, capacity 4784K, committed 4864K, reserved 1048576K
}
Event: 16.662 GC heap after
{Heap after GC invocations=13 (full 0):
 garbage-first heap   total 374784K, used 90292K [0x0000000703c00000, 0x0000000800000000)
  region size 1024K, 8 young (8192K), 8 survivors (8192K)
 Metaspace       used 42627K, capacity 43886K, committed 44156K, reserved 1089536K
  class space    used 4389K, capacity 4784K, committed 4864K, reserved 1048576K
}
Event: 24.461 GC heap before
{Heap before GC invocations=13 (full 0):
 garbage-first heap   total 374784K, used 323764K [0x0000000703c00000, 0x0000000800000000)
  region size 1024K, 156 young (159744K), 8 survivors (8192K)
 Metaspace       used 44987K, capacity 46252K, committed 46460K, reserved 1091584K
  class space    used 4658K, capacity 5062K, committed 5120K, reserved 1048576K
}
Event: 24.476 GC heap after
{Heap after GC invocations=14 (full 0):
 garbage-first heap   total 374784K, used 176869K [0x0000000703c00000, 0x0000000800000000)
  region size 1024K, 13 young (13312K), 13 survivors (13312K)
 Metaspace       used 44987K, capacity 46252K, committed 46460K, reserved 1091584K
  class space    used 4658K, capacity 5062K, committed 5120K, reserved 1048576K
}
Event: 26.957 GC heap before
{Heap before GC invocations=15 (full 0):
 garbage-first heap   total 374784K, used 313061K [0x0000000703c00000, 0x0000000800000000)
  region size 1024K, 126 young (129024K), 13 survivors (13312K)
 Metaspace       used 45208K, capacity 46387K, committed 46460K, reserved 1091584K
  class space    used 4660K, capacity 5063K, committed 5120K, reserved 1048576K
}
Event: 26.984 GC heap after
{Heap after GC invocations=16 (full 0):
 garbage-first heap   total 374784K, used 109733K [0x0000000703c00000, 0x0000000800000000)
  region size 1024K, 16 young (16384K), 16 survivors (16384K)
 Metaspace       used 45208K, capacity 46387K, committed 46460K, reserved 1091584K
  class space    used 4660K, capacity 5063K, committed 5120K, reserved 1048576K
}
Event: 27.032 GC heap before
{Heap before GC invocations=16 (full 0):
 garbage-first heap   total 374784K, used 111781K [0x0000000703c00000, 0x0000000800000000)
  region size 1024K, 18 young (18432K), 16 survivors (16384K)
 Metaspace       used 45209K, capacity 46387K, committed 46460K, reserved 1091584K
  class space    used 4660K, capacity 5063K, committed 5120K, reserved 1048576K
}
Event: 27.054 GC heap after
{Heap after GC invocations=17 (full 0):
 garbage-first heap   total 374784K, used 106332K [0x0000000703c00000, 0x0000000800000000)
  region size 1024K, 2 young (2048K), 2 survivors (2048K)
 Metaspace       used 45209K, capacity 46387K, committed 46460K, reserved 1091584K
  class space    used 4660K, capacity 5063K, committed 5120K, reserved 1048576K
}

