# JRE version: Java(TM) SE Runtime Environment 18.9 (11.0.22+9) (build 11.0.22+9-LTS-219)
# Java VM: Java HotSpot(TM) 64-Bit Server VM 18.9 (11.0.22+9-LTS-219, mixed mode, tiered, compressed oops, g1 gc, windows-amd64)
Heap:
 garbage-first heap   total 312320K, used 235252K [0x0000000703c00000, 0x0000000800000000)
  region size 1024K, 164 young (167936K), 11 survivors (11264K)
 Metaspace       used 51205K, capacity 52589K, committed 52732K, reserved 1095680K
  class space    used 5457K, capacity 5954K, committed 6016K, reserved 1048576K
GC Heap History (10 events):
Event: 11.735 GC heap before
{Heap before GC invocations=7 (full 0):
 garbage-first heap   total 260096K, used 192512K [0x0000000703c00000, 0x0000000800000000)
  region size 1024K, 152 young (155648K), 14 survivors (14336K)
 Metaspace       used 43985K, capacity 45158K, committed 45308K, reserved 1089536K
  class space    used 4755K, capacity 5180K, committed 5248K, reserved 1048576K
}
Event: 11.753 GC heap after
{Heap after GC invocations=8 (full 0):
 garbage-first heap   total 260096K, used 31515K [0x0000000703c00000, 0x0000000800000000)
  region size 1024K, 14 young (14336K), 14 survivors (14336K)
 Metaspace       used 43985K, capacity 45158K, committed 45308K, reserved 1089536K
  class space    used 4755K, capacity 5180K, committed 5248K, reserved 1048576K
}
Event: 16.820 GC heap before
{Heap before GC invocations=8 (full 0):
 garbage-first heap   total 260096K, used 172827K [0x0000000703c00000, 0x0000000800000000)
  region size 1024K, 152 young (155648K), 14 survivors (14336K)
 Metaspace       used 48402K, capacity 49653K, committed 49916K, reserved 1093632K
  class space    used 5239K, capacity 5694K, committed 5760K, reserved 1048576K
}
Event: 16.848 GC heap after
{Heap after GC invocations=9 (full 0):
 garbage-first heap   total 312320K, used 51810K [0x0000000703c00000, 0x0000000800000000)
  region size 1024K, 19 young (19456K), 19 survivors (19456K)
 Metaspace       used 48402K, capacity 49653K, committed 49916K, reserved 1093632K
  class space    used 5239K, capacity 5694K, committed 5760K, reserved 1048576K
}
Event: 18.502 GC heap before
{Heap before GC invocations=9 (full 0):
 garbage-first heap   total 312320K, used 189026K [0x0000000703c00000, 0x0000000800000000)
  region size 1024K, 151 young (154624K), 19 survivors (19456K)
 Metaspace       used 48580K, capacity 49792K, committed 49916K, reserved 1093632K
  class space    used 5239K, capacity 5694K, committed 5760K, reserved 1048576K
}
Event: 18.539 GC heap after
{Heap after GC invocations=10 (full 0):
 garbage-first heap   total 312320K, used 67131K [0x0000000703c00000, 0x0000000800000000)
  region size 1024K, 13 young (13312K), 13 survivors (13312K)
 Metaspace       used 48580K, capacity 49792K, committed 49916K, reserved 1093632K
  class space    used 5239K, capacity 5694K, committed 5760K, reserved 1048576K
}
Event: 19.311 GC heap before
{Heap before GC invocations=10 (full 0):
 garbage-first heap   total 312320K, used 215611K [0x0000000703c00000, 0x0000000800000000)
  region size 1024K, 159 young (162816K), 13 survivors (13312K)
 Metaspace       used 48697K, capacity 49996K, committed 50172K, reserved 1093632K
  class space    used 5240K, capacity 5694K, committed 5760K, reserved 1048576K
}
Event: 19.334 GC heap after
{Heap after GC invocations=11 (full 0):
 garbage-first heap   total 312320K, used 73482K [0x0000000703c00000, 0x0000000800000000)
  region size 1024K, 8 young (8192K), 8 survivors (8192K)
 Metaspace       used 48697K, capacity 49996K, committed 50172K, reserved 1093632K
  class space    used 5240K, capacity 5694K, committed 5760K, reserved 1048576K
}
Event: 21.452 GC heap before
{Heap before GC invocations=11 (full 0):
 garbage-first heap   total 312320K, used 226058K [0x0000000703c00000, 0x0000000800000000)
  region size 1024K, 157 young (160768K), 8 survivors (8192K)
 Metaspace       used 49572K, capacity 50864K, committed 50940K, reserved 1095680K
  class space    used 5253K, capacity 5698K, committed 5760K, reserved 1048576K
}
Event: 21.467 GC heap after
{Heap after GC invocations=12 (full 0):
 garbage-first heap   total 312320K, used 76532K [0x0000000703c00000, 0x0000000800000000)
  region size 1024K, 11 young (11264K), 11 survivors (11264K)
 Metaspace       used 49572K, capacity 50864K, committed 50940K, reserved 1095680K
  class space    used 5253K, capacity 5698K, committed 5760K, reserved 1048576K
}

